<?xml version="1.0" encoding="UTF-8"?>
<testng-results ignored="0" total="1" passed="1" failed="0" skipped="0">
  <reporter-output>
  </reporter-output>
  <suite started-at="2023-10-28T12:02:18 IST" name="Default suite" finished-at="2023-10-28T12:02:29 IST" duration-ms="10578">
    <groups>
    </groups>
    <test started-at="2023-10-28T12:02:18 IST" name="Default test" finished-at="2023-10-28T12:02:29 IST" duration-ms="10578">
      <class name="testScriptsYogitha.switchWindow">
        <test-method is-config="true" signature="browserSetUp()[pri:0, instance:testScriptsYogitha.switchWindow@1d2adfbe]" started-at="2023-10-28T12:02:18 IST" name="browserSetUp" finished-at="2023-10-28T12:02:24 IST" duration-ms="5172" status="PASS">
          <reporter-output>
          </reporter-output>
        </test-method> <!-- browserSetUp -->
        <test-method signature="switchToWindow()[pri:0, instance:testScriptsYogitha.switchWindow@1d2adfbe]" started-at="2023-10-28T12:02:24 IST" name="switchToWindow" finished-at="2023-10-28T12:02:29 IST" duration-ms="5333" status="PASS">
          <reporter-output>
          </reporter-output>
        </test-method> <!-- switchToWindow -->
        <test-method is-config="true" signature="browserTearDown()[pri:0, instance:testScriptsYogitha.switchWindow@1d2adfbe]" started-at="2023-10-28T12:02:29 IST" name="browserTearDown" finished-at="2023-10-28T12:02:29 IST" duration-ms="1" status="PASS">
          <reporter-output>
          </reporter-output>
        </test-method> <!-- browserTearDown -->
      </class> <!-- testScriptsYogitha.switchWindow -->
    </test> <!-- Default test -->
  </suite> <!-- Default suite -->
</testng-results>
